#
# A fatal error has been detected by the Java Runtime Environment:
#
#  EXCEPTION_ACCESS_VIOLATION (0xc0000005) at pc=0x00007ffeaacab168, pid=29588, tid=30204
#
# JRE version: Java(TM) SE Runtime Environment (17.0.10+11) (build 17.0.10+11-LTS-240)
# Java VM: Java HotSpot(TM) 64-Bit Server VM (17.0.10+11-LTS-240, mixed mode, sharing, tiered, compressed oops, compressed class ptrs, g1 gc, windows-amd64)
# Problematic frame:
# C  [ntdll.dll+0x5b168]
#
# No core dump will be written. Minidumps are not enabled by default on client versions of Windows
#
# If you would like to submit a bug report, please visit:
#   https://bugreport.java.com/bugreport/crash.jsp
#

---------------  S U M M A R Y ------------

Command Line: -XX:MaxMetaspaceSize=512m --add-opens=java.base/java.util=ALL-UNNAMED --add-opens=java.base/java.lang=ALL-UNNAMED --add-opens=java.base/java.lang.invoke=ALL-UNNAMED --add-opens=java.prefs/java.util.prefs=ALL-UNNAMED --add-opens=java.base/java.nio.charset=ALL-UNNAMED --add-opens=java.base/java.net=ALL-UNNAMED --add-opens=java.base/java.util.concurrent.atomic=ALL-UNNAMED -Xmx2048m -Dfile.encoding=windows-1252 -Duser.country=US -Duser.language=en -Duser.variant -javaagent:C:\Users\JhoanBorges\.gradle\wrapper\dists\gradle-8.3-all\6en3ugtfdg5xnpx44z4qbwgas\gradle-8.3\lib\agents\gradle-instrumentation-agent-8.3.jar org.gradle.launcher.daemon.bootstrap.GradleDaemon 8.3

Host: Intel(R) Core(TM) i7-8700K CPU @ 3.70GHz, 12 cores, 39G,  Windows 11 , 64 bit Build 22621 (10.0.22621.1344)
Time: Fri Jan 19 12:45:52 2024 Central Standard Time (Mexico) elapsed time: 141.083321 seconds (0d 0h 2m 21s)

---------------  T H R E A D  ---------------

Current thread (0x000002c7367125b0):  JavaThread "Unconstrained build operations Thread 83" [_thread_in_vm, id=30204, stack(0x000000ca26d00000,0x000000ca26e00000)]

Stack: [0x000000ca26d00000,0x000000ca26e00000],  sp=0x000000ca26df4760,  free space=977k
Native frames: (J=compiled Java code, j=interpreted, Vv=VM code, C=native code)
C  [ntdll.dll+0x5b168]
V  [jvm.dll+0x223324]
V  [jvm.dll+0x224978]
V  [jvm.dll+0x224548]
V  [jvm.dll+0x22462d]
V  [jvm.dll+0x213781]
V  [jvm.dll+0x213bd5]
V  [jvm.dll+0x185c36]
C